[2014-01-27 08:04:41] INFO  WEBrick 1.3.1
[2014-01-27 08:04:41] INFO  ruby 2.0.0 (2013-11-22) [x86_64-linux]
[2014-01-27 08:04:41] INFO  WEBrick::HTTPServer#start: pid=5497 port=3000
[2014-01-27 08:05:18] INFO  WEBrick 1.3.1
[2014-01-27 08:05:18] INFO  ruby 2.0.0 (2013-11-22) [x86_64-linux]
[2014-01-27 08:05:18] INFO  WEBrick::HTTPServer#start: pid=5505 port=3000
=> Booting WEBrick
=> Rails 3.2.13 application starting in production on http://0.0.0.0:3000
=> Call with -d to detach
=> Ctrl-C to shutdown server
Started GET "/" for 184.75.214.82 at 2014-01-27 08:05:18 +0000
Connecting to database specified by database.yml

ArgumentError (A secret is required to generate an integrity hash for cookie session data. Use config.secret_token = "some secret phrase of at least 30 characters"in config/initializers/secret_token.rb):
  vendor/bundle/ruby/2.0.0/gems/actionpack-3.2.13/lib/action_dispatch/middleware/cookies.rb:319:in `ensure_secret_secure'
  vendor/bundle/ruby/2.0.0/gems/actionpack-3.2.13/lib/action_dispatch/middleware/cookies.rb:284:in `initialize'
  vendor/bundle/ruby/2.0.0/gems/actionpack-3.2.13/lib/action_dispatch/middleware/cookies.rb:231:in `new'
  vendor/bundle/ruby/2.0.0/gems/actionpack-3.2.13/lib/action_dispatch/middleware/cookies.rb:231:in `signed'
  vendor/bundle/ruby/2.0.0/gems/actionpack-3.2.13/lib/action_dispatch/middleware/session/cookie_store.rb:50:in `block in unpacked_cookie_data'
  vendor/bundle/ruby/2.0.0/gems/actionpack-3.2.13/lib/action_dispatch/middleware/session/abstract_store.rb:57:in `stale_session_check!'
  vendor/bundle/ruby/2.0.0/gems/actionpack-3.2.13/lib/action_dispatch/middleware/session/cookie_store.rb:48:in `unpacked_cookie_data'
  vendor/bundle/ruby/2.0.0/gems/rack-1.4.5/lib/rack/session/cookie.rb:107:in `extract_session_id'
  vendor/bundle/ruby/2.0.0/gems/actionpack-3.2.13/lib/action_dispatch/middleware/session/abstract_store.rb:53:in `block in extract_session_id'
  vendor/bundle/ruby/2.0.0/gems/actionpack-3.2.13/lib/action_dispatch/middleware/session/abstract_store.rb:57:in `stale_session_check!'
  vendor/bundle/ruby/2.0.0/gems/actionpack-3.2.13/lib/action_dispatch/middleware/session/abstract_store.rb:53:in `extract_session_id'
  vendor/bundle/ruby/2.0.0/gems/rack-1.4.5/lib/rack/session/abstract/id.rb:43:in `load_session_id!'
  vendor/bundle/ruby/2.0.0/gems/rack-1.4.5/lib/rack/session/abstract/id.rb:32:in `[]'
  vendor/bundle/ruby/2.0.0/gems/rack-1.4.5/lib/rack/session/abstract/id.rb:267:in `current_session_id'
  vendor/bundle/ruby/2.0.0/gems/rack-1.4.5/lib/rack/session/abstract/id.rb:273:in `session_exists?'
  vendor/bundle/ruby/2.0.0/gems/rack-1.4.5/lib/rack/session/abstract/id.rb:107:in `exists?'
  vendor/bundle/ruby/2.0.0/gems/rack-1.4.5/lib/rack/session/abstract/id.rb:127:in `load_for_read!'
  vendor/bundle/ruby/2.0.0/gems/rack-1.4.5/lib/rack/session/abstract/id.rb:64:in `has_key?'
  vendor/bundle/ruby/2.0.0/gems/actionpack-3.2.13/lib/action_dispatch/middleware/flash.rb:258:in `ensure in call'
  vendor/bundle/ruby/2.0.0/gems/actionpack-3.2.13/lib/action_dispatch/middleware/flash.rb:259:in `call'
  vendor/bundle/ruby/2.0.0/gems/rack-1.4.5/lib/rack/session/abstract/id.rb:210:in `context'
  vendor/bundle/ruby/2.0.0/gems/rack-1.4.5/lib/rack/session/abstract/id.rb:205:in `call'
  vendor/bundle/ruby/2.0.0/gems/actionpack-3.2.13/lib/action_dispatch/middleware/cookies.rb:341:in `call'
  vendor/bundle/ruby/2.0.0/gems/activerecord-3.2.13/lib/active_record/query_cache.rb:64:in `call'
  vendor/bundle/ruby/2.0.0/gems/activerecord-3.2.13/lib/active_record/connection_adapters/abstract/connection_pool.rb:479:in `call'
  vendor/bundle/ruby/2.0.0/gems/actionpack-3.2.13/lib/action_dispatch/middleware/callbacks.rb:28:in `block in call'
  vendor/bundle/ruby/2.0.0/gems/activesupport-3.2.13/lib/active_support/callbacks.rb:405:in `_run__3603703684179661609__call__4427883469149677253__callbacks'
  vendor/bundle/ruby/2.0.0/gems/activesupport-3.2.13/lib/active_support/callbacks.rb:405:in `__run_callback'
  vendor/bundle/ruby/2.0.0/gems/activesupport-3.2.13/lib/active_support/callbacks.rb:385:in `_run_call_callbacks'
  vendor/bundle/ruby/2.0.0/gems/activesupport-3.2.13/lib/active_support/callbacks.rb:81:in `run_callbacks'
  vendor/bundle/ruby/2.0.0/gems/actionpack-3.2.13/lib/action_dispatch/middleware/callbacks.rb:27:in `call'
  vendor/bundle/ruby/2.0.0/gems/actionpack-3.2.13/lib/action_dispatch/middleware/remote_ip.rb:31:in `call'
  vendor/bundle/ruby/2.0.0/gems/actionpack-3.2.13/lib/action_dispatch/middleware/debug_exceptions.rb:16:in `call'
  vendor/bundle/ruby/2.0.0/gems/actionpack-3.2.13/lib/action_dispatch/middleware/show_exceptions.rb:56:in `call'
  vendor/bundle/ruby/2.0.0/gems/railties-3.2.13/lib/rails/rack/logger.rb:32:in `call_app'
  vendor/bundle/ruby/2.0.0/gems/railties-3.2.13/lib/rails/rack/logger.rb:16:in `block in call'
  vendor/bundle/ruby/2.0.0/gems/activesupport-3.2.13/lib/active_support/tagged_logging.rb:22:in `tagged'
  vendor/bundle/ruby/2.0.0/gems/railties-3.2.13/lib/rails/rack/logger.rb:16:in `call'
  vendor/bundle/ruby/2.0.0/gems/actionpack-3.2.13/lib/action_dispatch/middleware/request_id.rb:22:in `call'
  vendor/bundle/ruby/2.0.0/gems/rack-1.4.5/lib/rack/methodoverride.rb:21:in `call'
  vendor/bundle/ruby/2.0.0/gems/rack-1.4.5/lib/rack/runtime.rb:17:in `call'
  vendor/bundle/ruby/2.0.0/gems/activesupport-3.2.13/lib/active_support/cache/strategy/local_cache.rb:72:in `call'
  vendor/bundle/ruby/2.0.0/gems/rack-1.4.5/lib/rack/lock.rb:15:in `call'
  vendor/bundle/ruby/2.0.0/gems/rack-cache-1.2/lib/rack/cache/context.rb:136:in `forward'
  vendor/bundle/ruby/2.0.0/gems/rack-cache-1.2/lib/rack/cache/context.rb:245:in `fetch'
  vendor/bundle/ruby/2.0.0/gems/rack-cache-1.2/lib/rack/cache/context.rb:185:in `lookup'
  vendor/bundle/ruby/2.0.0/gems/rack-cache-1.2/lib/rack/cache/context.rb:66:in `call!'
  vendor/bundle/ruby/2.0.0/gems/rack-cache-1.2/lib/rack/cache/context.rb:51:in `call'
  vendor/bundle/ruby/2.0.0/gems/railties-3.2.13/lib/rails/engine.rb:479:in `call'
  vendor/bundle/ruby/2.0.0/gems/railties-3.2.13/lib/rails/application.rb:223:in `call'
  vendor/bundle/ruby/2.0.0/gems/rack-1.4.5/lib/rack/content_length.rb:14:in `call'
  vendor/bundle/ruby/2.0.0/gems/railties-3.2.13/lib/rails/rack/log_tailer.rb:17:in `call'
  vendor/bundle/ruby/2.0.0/gems/rack-1.4.5/lib/rack/handler/webrick.rb:59:in `service'
  /usr/local/rvm/rubies/ruby-2.0.0-p353/lib/ruby/2.0.0/webrick/httpserver.rb:138:in `service'
  /usr/local/rvm/rubies/ruby-2.0.0-p353/lib/ruby/2.0.0/webrick/httpserver.rb:94:in `run'
  /usr/local/rvm/rubies/ruby-2.0.0-p353/lib/ruby/2.0.0/webrick/server.rb:295:in `block in start_thread'


Started GET "/favicon.ico" for 184.75.214.82 at 2014-01-27 08:05:19 +0000

ArgumentError (A secret is required to generate an integrity hash for cookie session data. Use config.secret_token = "some secret phrase of at least 30 characters"in config/initializers/secret_token.rb):
  vendor/bundle/ruby/2.0.0/gems/actionpack-3.2.13/lib/action_dispatch/middleware/cookies.rb:319:in `ensure_secret_secure'
  vendor/bundle/ruby/2.0.0/gems/actionpack-3.2.13/lib/action_dispatch/middleware/cookies.rb:284:in `initialize'
  vendor/bundle/ruby/2.0.0/gems/actionpack-3.2.13/lib/action_dispatch/middleware/cookies.rb:231:in `new'
  vendor/bundle/ruby/2.0.0/gems/actionpack-3.2.13/lib/action_dispatch/middleware/cookies.rb:231:in `signed'
  vendor/bundle/ruby/2.0.0/gems/actionpack-3.2.13/lib/action_dispatch/middleware/session/cookie_store.rb:50:in `block in unpacked_cookie_data'
  vendor/bundle/ruby/2.0.0/gems/actionpack-3.2.13/lib/action_dispatch/middleware/session/abstract_store.rb:57:in `stale_session_check!'
  vendor/bundle/ruby/2.0.0/gems/actionpack-3.2.13/lib/action_dispatch/middleware/session/cookie_store.rb:48:in `unpacked_cookie_data'
  vendor/bundle/ruby/2.0.0/gems/rack-1.4.5/lib/rack/session/cookie.rb:107:in `extract_session_id'
  vendor/bundle/ruby/2.0.0/gems/actionpack-3.2.13/lib/action_dispatch/middleware/session/abstract_store.rb:53:in `block in extract_session_id'
  vendor/bundle/ruby/2.0.0/gems/actionpack-3.2.13/lib/action_dispatch/middleware/session/abstract_store.rb:57:in `stale_session_check!'
  vendor/bundle/ruby/2.0.0/gems/actionpack-3.2.13/lib/action_dispatch/middleware/session/abstract_store.rb:53:in `extract_session_id'
  vendor/bundle/ruby/2.0.0/gems/rack-1.4.5/lib/rack/session/abstract/id.rb:43:in `load_session_id!'
  vendor/bundle/ruby/2.0.0/gems/rack-1.4.5/lib/rack/session/abstract/id.rb:32:in `[]'
  vendor/bundle/ruby/2.0.0/gems/rack-1.4.5/lib/rack/session/abstract/id.rb:267:in `current_session_id'
  vendor/bundle/ruby/2.0.0/gems/rack-1.4.5/lib/rack/session/abstract/id.rb:273:in `session_exists?'
  vendor/bundle/ruby/2.0.0/gems/rack-1.4.5/lib/rack/session/abstract/id.rb:107:in `exists?'
  vendor/bundle/ruby/2.0.0/gems/rack-1.4.5/lib/rack/session/abstract/id.rb:127:in `load_for_read!'
  vendor/bundle/ruby/2.0.0/gems/rack-1.4.5/lib/rack/session/abstract/id.rb:64:in `has_key?'
  vendor/bundle/ruby/2.0.0/gems/actionpack-3.2.13/lib/action_dispatch/middleware/flash.rb:258:in `ensure in call'
  vendor/bundle/ruby/2.0.0/gems/actionpack-3.2.13/lib/action_dispatch/middleware/flash.rb:259:in `call'
  vendor/bundle/ruby/2.0.0/gems/rack-1.4.5/lib/rack/session/abstract/id.rb:210:in `context'
  vendor/bundle/ruby/2.0.0/gems/rack-1.4.5/lib/rack/session/abstract/id.rb:205:in `call'
  vendor/bundle/ruby/2.0.0/gems/actionpack-3.2.13/lib/action_dispatch/middleware/cookies.rb:341:in `call'
  vendor/bundle/ruby/2.0.0/gems/activerecord-3.2.13/lib/active_record/query_cache.rb:64:in `call'
  vendor/bundle/ruby/2.0.0/gems/activerecord-3.2.13/lib/active_record/connection_adapters/abstract/connection_pool.rb:479:in `call'
  vendor/bundle/ruby/2.0.0/gems/actionpack-3.2.13/lib/action_dispatch/middleware/callbacks.rb:28:in `block in call'
  vendor/bundle/ruby/2.0.0/gems/activesupport-3.2.13/lib/active_support/callbacks.rb:405:in `_run__3603703684179661609__call__4427883469149677253__callbacks'
  vendor/bundle/ruby/2.0.0/gems/activesupport-3.2.13/lib/active_support/callbacks.rb:405:in `__run_callback'
  vendor/bundle/ruby/2.0.0/gems/activesupport-3.2.13/lib/active_support/callbacks.rb:385:in `_run_call_callbacks'
  vendor/bundle/ruby/2.0.0/gems/activesupport-3.2.13/lib/active_support/callbacks.rb:81:in `run_callbacks'
  vendor/bundle/ruby/2.0.0/gems/actionpack-3.2.13/lib/action_dispatch/middleware/callbacks.rb:27:in `call'
  vendor/bundle/ruby/2.0.0/gems/actionpack-3.2.13/lib/action_dispatch/middleware/remote_ip.rb:31:in `call'
  vendor/bundle/ruby/2.0.0/gems/actionpack-3.2.13/lib/action_dispatch/middleware/debug_exceptions.rb:16:in `call'
  vendor/bundle/ruby/2.0.0/gems/actionpack-3.2.13/lib/action_dispatch/middleware/show_exceptions.rb:56:in `call'
  vendor/bundle/ruby/2.0.0/gems/railties-3.2.13/lib/rails/rack/logger.rb:32:in `call_app'
  vendor/bundle/ruby/2.0.0/gems/railties-3.2.13/lib/rails/rack/logger.rb:16:in `block in call'
  vendor/bundle/ruby/2.0.0/gems/activesupport-3.2.13/lib/active_support/tagged_logging.rb:22:in `tagged'
  vendor/bundle/ruby/2.0.0/gems/railties-3.2.13/lib/rails/rack/logger.rb:16:in `call'
  vendor/bundle/ruby/2.0.0/gems/actionpack-3.2.13/lib/action_dispatch/middleware/request_id.rb:22:in `call'
  vendor/bundle/ruby/2.0.0/gems/rack-1.4.5/lib/rack/methodoverride.rb:21:in `call'
  vendor/bundle/ruby/2.0.0/gems/rack-1.4.5/lib/rack/runtime.rb:17:in `call'
  vendor/bundle/ruby/2.0.0/gems/activesupport-3.2.13/lib/active_support/cache/strategy/local_cache.rb:72:in `call'
  vendor/bundle/ruby/2.0.0/gems/rack-1.4.5/lib/rack/lock.rb:15:in `call'
  vendor/bundle/ruby/2.0.0/gems/rack-cache-1.2/lib/rack/cache/context.rb:136:in `forward'
  vendor/bundle/ruby/2.0.0/gems/rack-cache-1.2/lib/rack/cache/context.rb:245:in `fetch'
  vendor/bundle/ruby/2.0.0/gems/rack-cache-1.2/lib/rack/cache/context.rb:185:in `lookup'
  vendor/bundle/ruby/2.0.0/gems/rack-cache-1.2/lib/rack/cache/context.rb:66:in `call!'
  vendor/bundle/ruby/2.0.0/gems/rack-cache-1.2/lib/rack/cache/context.rb:51:in `call'
  vendor/bundle/ruby/2.0.0/gems/railties-3.2.13/lib/rails/engine.rb:479:in `call'
  vendor/bundle/ruby/2.0.0/gems/railties-3.2.13/lib/rails/application.rb:223:in `call'
  vendor/bundle/ruby/2.0.0/gems/rack-1.4.5/lib/rack/content_length.rb:14:in `call'
  vendor/bundle/ruby/2.0.0/gems/railties-3.2.13/lib/rails/rack/log_tailer.rb:17:in `call'
  vendor/bundle/ruby/2.0.0/gems/rack-1.4.5/lib/rack/handler/webrick.rb:59:in `service'
  /usr/local/rvm/rubies/ruby-2.0.0-p353/lib/ruby/2.0.0/webrick/httpserver.rb:138:in `service'
  /usr/local/rvm/rubies/ruby-2.0.0-p353/lib/ruby/2.0.0/webrick/httpserver.rb:94:in `run'
  /usr/local/rvm/rubies/ruby-2.0.0-p353/lib/ruby/2.0.0/webrick/server.rb:295:in `block in start_thread'


Started GET "/" for 184.75.214.82 at 2014-01-27 08:05:20 +0000

ArgumentError (A secret is required to generate an integrity hash for cookie session data. Use config.secret_token = "some secret phrase of at least 30 characters"in config/initializers/secret_token.rb):
  vendor/bundle/ruby/2.0.0/gems/actionpack-3.2.13/lib/action_dispatch/middleware/cookies.rb:319:in `ensure_secret_secure'
  vendor/bundle/ruby/2.0.0/gems/actionpack-3.2.13/lib/action_dispatch/middleware/cookies.rb:284:in `initialize'
  vendor/bundle/ruby/2.0.0/gems/actionpack-3.2.13/lib/action_dispatch/middleware/cookies.rb:231:in `new'
  vendor/bundle/ruby/2.0.0/gems/actionpack-3.2.13/lib/action_dispatch/middleware/cookies.rb:231:in `signed'
  vendor/bundle/ruby/2.0.0/gems/actionpack-3.2.13/lib/action_dispatch/middleware/session/cookie_store.rb:50:in `block in unpacked_cookie_data'
  vendor/bundle/ruby/2.0.0/gems/actionpack-3.2.13/lib/action_dispatch/middleware/session/abstract_store.rb:57:in `stale_session_check!'
  vendor/bundle/ruby/2.0.0/gems/actionpack-3.2.13/lib/action_dispatch/middleware/session/cookie_store.rb:48:in `unpacked_cookie_data'
  vendor/bundle/ruby/2.0.0/gems/rack-1.4.5/lib/rack/session/cookie.rb:107:in `extract_session_id'
  vendor/bundle/ruby/2.0.0/gems/actionpack-3.2.13/lib/action_dispatch/middleware/session/abstract_store.rb:53:in `block in extract_session_id'
  vendor/bundle/ruby/2.0.0/gems/actionpack-3.2.13/lib/action_dispatch/middleware/session/abstract_store.rb:57:in `stale_session_check!'
  vendor/bundle/ruby/2.0.0/gems/actionpack-3.2.13/lib/action_dispatch/middleware/session/abstract_store.rb:53:in `extract_session_id'
  vendor/bundle/ruby/2.0.0/gems/rack-1.4.5/lib/rack/session/abstract/id.rb:43:in `load_session_id!'
  vendor/bundle/ruby/2.0.0/gems/rack-1.4.5/lib/rack/session/abstract/id.rb:32:in `[]'
  vendor/bundle/ruby/2.0.0/gems/rack-1.4.5/lib/rack/session/abstract/id.rb:267:in `current_session_id'
  vendor/bundle/ruby/2.0.0/gems/rack-1.4.5/lib/rack/session/abstract/id.rb:273:in `session_exists?'
  vendor/bundle/ruby/2.0.0/gems/rack-1.4.5/lib/rack/session/abstract/id.rb:107:in `exists?'
  vendor/bundle/ruby/2.0.0/gems/rack-1.4.5/lib/rack/session/abstract/id.rb:127:in `load_for_read!'
  vendor/bundle/ruby/2.0.0/gems/rack-1.4.5/lib/rack/session/abstract/id.rb:64:in `has_key?'
  vendor/bundle/ruby/2.0.0/gems/actionpack-3.2.13/lib/action_dispatch/middleware/flash.rb:258:in `ensure in call'
  vendor/bundle/ruby/2.0.0/gems/actionpack-3.2.13/lib/action_dispatch/middleware/flash.rb:259:in `call'
  vendor/bundle/ruby/2.0.0/gems/rack-1.4.5/lib/rack/session/abstract/id.rb:210:in `context'
  vendor/bundle/ruby/2.0.0/gems/rack-1.4.5/lib/rack/session/abstract/id.rb:205:in `call'
  vendor/bundle/ruby/2.0.0/gems/actionpack-3.2.13/lib/action_dispatch/middleware/cookies.rb:341:in `call'
  vendor/bundle/ruby/2.0.0/gems/activerecord-3.2.13/lib/active_record/query_cache.rb:64:in `call'
  vendor/bundle/ruby/2.0.0/gems/activerecord-3.2.13/lib/active_record/connection_adapters/abstract/connection_pool.rb:479:in `call'
  vendor/bundle/ruby/2.0.0/gems/actionpack-3.2.13/lib/action_dispatch/middleware/callbacks.rb:28:in `block in call'
  vendor/bundle/ruby/2.0.0/gems/activesupport-3.2.13/lib/active_support/callbacks.rb:405:in `_run__3603703684179661609__call__4427883469149677253__callbacks'
  vendor/bundle/ruby/2.0.0/gems/activesupport-3.2.13/lib/active_support/callbacks.rb:405:in `__run_callback'
  vendor/bundle/ruby/2.0.0/gems/activesupport-3.2.13/lib/active_support/callbacks.rb:385:in `_run_call_callbacks'
  vendor/bundle/ruby/2.0.0/gems/activesupport-3.2.13/lib/active_support/callbacks.rb:81:in `run_callbacks'
  vendor/bundle/ruby/2.0.0/gems/actionpack-3.2.13/lib/action_dispatch/middleware/callbacks.rb:27:in `call'
  vendor/bundle/ruby/2.0.0/gems/actionpack-3.2.13/lib/action_dispatch/middleware/remote_ip.rb:31:in `call'
  vendor/bundle/ruby/2.0.0/gems/actionpack-3.2.13/lib/action_dispatch/middleware/debug_exceptions.rb:16:in `call'
  vendor/bundle/ruby/2.0.0/gems/actionpack-3.2.13/lib/action_dispatch/middleware/show_exceptions.rb:56:in `call'
  vendor/bundle/ruby/2.0.0/gems/railties-3.2.13/lib/rails/rack/logger.rb:32:in `call_app'
  vendor/bundle/ruby/2.0.0/gems/railties-3.2.13/lib/rails/rack/logger.rb:16:in `block in call'
  vendor/bundle/ruby/2.0.0/gems/activesupport-3.2.13/lib/active_support/tagged_logging.rb:22:in `tagged'
  vendor/bundle/ruby/2.0.0/gems/railties-3.2.13/lib/rails/rack/logger.rb:16:in `call'
  vendor/bundle/ruby/2.0.0/gems/actionpack-3.2.13/lib/action_dispatch/middleware/request_id.rb:22:in `call'
  vendor/bundle/ruby/2.0.0/gems/rack-1.4.5/lib/rack/methodoverride.rb:21:in `call'
  vendor/bundle/ruby/2.0.0/gems/rack-1.4.5/lib/rack/runtime.rb:17:in `call'
  vendor/bundle/ruby/2.0.0/gems/activesupport-3.2.13/lib/active_support/cache/strategy/local_cache.rb:72:in `call'
  vendor/bundle/ruby/2.0.0/gems/rack-1.4.5/lib/rack/lock.rb:15:in `call'
  vendor/bundle/ruby/2.0.0/gems/rack-cache-1.2/lib/rack/cache/context.rb:136:in `forward'
  vendor/bundle/ruby/2.0.0/gems/rack-cache-1.2/lib/rack/cache/context.rb:245:in `fetch'
  vendor/bundle/ruby/2.0.0/gems/rack-cache-1.2/lib/rack/cache/context.rb:185:in `lookup'
  vendor/bundle/ruby/2.0.0/gems/rack-cache-1.2/lib/rack/cache/context.rb:66:in `call!'
  vendor/bundle/ruby/2.0.0/gems/rack-cache-1.2/lib/rack/cache/context.rb:51:in `call'
  vendor/bundle/ruby/2.0.0/gems/railties-3.2.13/lib/rails/engine.rb:479:in `call'
  vendor/bundle/ruby/2.0.0/gems/railties-3.2.13/lib/rails/application.rb:223:in `call'
  vendor/bundle/ruby/2.0.0/gems/rack-1.4.5/lib/rack/content_length.rb:14:in `call'
  vendor/bundle/ruby/2.0.0/gems/railties-3.2.13/lib/rails/rack/log_tailer.rb:17:in `call'
  vendor/bundle/ruby/2.0.0/gems/rack-1.4.5/lib/rack/handler/webrick.rb:59:in `service'
  /usr/local/rvm/rubies/ruby-2.0.0-p353/lib/ruby/2.0.0/webrick/httpserver.rb:138:in `service'
  /usr/local/rvm/rubies/ruby-2.0.0-p353/lib/ruby/2.0.0/webrick/httpserver.rb:94:in `run'
  /usr/local/rvm/rubies/ruby-2.0.0-p353/lib/ruby/2.0.0/webrick/server.rb:295:in `block in start_thread'


Started GET "/favicon.ico" for 184.75.214.82 at 2014-01-27 08:05:20 +0000

ArgumentError (A secret is required to generate an integrity hash for cookie session data. Use config.secret_token = "some secret phrase of at least 30 characters"in config/initializers/secret_token.rb):
  vendor/bundle/ruby/2.0.0/gems/actionpack-3.2.13/lib/action_dispatch/middleware/cookies.rb:319:in `ensure_secret_secure'
  vendor/bundle/ruby/2.0.0/gems/actionpack-3.2.13/lib/action_dispatch/middleware/cookies.rb:284:in `initialize'
  vendor/bundle/ruby/2.0.0/gems/actionpack-3.2.13/lib/action_dispatch/middleware/cookies.rb:231:in `new'
  vendor/bundle/ruby/2.0.0/gems/actionpack-3.2.13/lib/action_dispatch/middleware/cookies.rb:231:in `signed'
  vendor/bundle/ruby/2.0.0/gems/actionpack-3.2.13/lib/action_dispatch/middleware/session/cookie_store.rb:50:in `block in unpacked_cookie_data'
  vendor/bundle/ruby/2.0.0/gems/actionpack-3.2.13/lib/action_dispatch/middleware/session/abstract_store.rb:57:in `stale_session_check!'
  vendor/bundle/ruby/2.0.0/gems/actionpack-3.2.13/lib/action_dispatch/middleware/session/cookie_store.rb:48:in `unpacked_cookie_data'
  vendor/bundle/ruby/2.0.0/gems/rack-1.4.5/lib/rack/session/cookie.rb:107:in `extract_session_id'
  vendor/bundle/ruby/2.0.0/gems/actionpack-3.2.13/lib/action_dispatch/middleware/session/abstract_store.rb:53:in `block in extract_session_id'
  vendor/bundle/ruby/2.0.0/gems/actionpack-3.2.13/lib/action_dispatch/middleware/session/abstract_store.rb:57:in `stale_session_check!'
  vendor/bundle/ruby/2.0.0/gems/actionpack-3.2.13/lib/action_dispatch/middleware/session/abstract_store.rb:53:in `extract_session_id'
  vendor/bundle/ruby/2.0.0/gems/rack-1.4.5/lib/rack/session/abstract/id.rb:43:in `load_session_id!'
  vendor/bundle/ruby/2.0.0/gems/rack-1.4.5/lib/rack/session/abstract/id.rb:32:in `[]'
  vendor/bundle/ruby/2.0.0/gems/rack-1.4.5/lib/rack/session/abstract/id.rb:267:in `current_session_id'
  vendor/bundle/ruby/2.0.0/gems/rack-1.4.5/lib/rack/session/abstract/id.rb:273:in `session_exists?'
  vendor/bundle/ruby/2.0.0/gems/rack-1.4.5/lib/rack/session/abstract/id.rb:107:in `exists?'
  vendor/bundle/ruby/2.0.0/gems/rack-1.4.5/lib/rack/session/abstract/id.rb:127:in `load_for_read!'
  vendor/bundle/ruby/2.0.0/gems/rack-1.4.5/lib/rack/session/abstract/id.rb:64:in `has_key?'
  vendor/bundle/ruby/2.0.0/gems/actionpack-3.2.13/lib/action_dispatch/middleware/flash.rb:258:in `ensure in call'
  vendor/bundle/ruby/2.0.0/gems/actionpack-3.2.13/lib/action_dispatch/middleware/flash.rb:259:in `call'
  vendor/bundle/ruby/2.0.0/gems/rack-1.4.5/lib/rack/session/abstract/id.rb:210:in `context'
  vendor/bundle/ruby/2.0.0/gems/rack-1.4.5/lib/rack/session/abstract/id.rb:205:in `call'
  vendor/bundle/ruby/2.0.0/gems/actionpack-3.2.13/lib/action_dispatch/middleware/cookies.rb:341:in `call'
  vendor/bundle/ruby/2.0.0/gems/activerecord-3.2.13/lib/active_record/query_cache.rb:64:in `call'
  vendor/bundle/ruby/2.0.0/gems/activerecord-3.2.13/lib/active_record/connection_adapters/abstract/connection_pool.rb:479:in `call'
  vendor/bundle/ruby/2.0.0/gems/actionpack-3.2.13/lib/action_dispatch/middleware/callbacks.rb:28:in `block in call'
  vendor/bundle/ruby/2.0.0/gems/activesupport-3.2.13/lib/active_support/callbacks.rb:405:in `_run__3603703684179661609__call__4427883469149677253__callbacks'
  vendor/bundle/ruby/2.0.0/gems/activesupport-3.2.13/lib/active_support/callbacks.rb:405:in `__run_callback'
  vendor/bundle/ruby/2.0.0/gems/activesupport-3.2.13/lib/active_support/callbacks.rb:385:in `_run_call_callbacks'
  vendor/bundle/ruby/2.0.0/gems/activesupport-3.2.13/lib/active_support/callbacks.rb:81:in `run_callbacks'
  vendor/bundle/ruby/2.0.0/gems/actionpack-3.2.13/lib/action_dispatch/middleware/callbacks.rb:27:in `call'
  vendor/bundle/ruby/2.0.0/gems/actionpack-3.2.13/lib/action_dispatch/middleware/remote_ip.rb:31:in `call'
  vendor/bundle/ruby/2.0.0/gems/actionpack-3.2.13/lib/action_dispatch/middleware/debug_exceptions.rb:16:in `call'
  vendor/bundle/ruby/2.0.0/gems/actionpack-3.2.13/lib/action_dispatch/middleware/show_exceptions.rb:56:in `call'
  vendor/bundle/ruby/2.0.0/gems/railties-3.2.13/lib/rails/rack/logger.rb:32:in `call_app'
  vendor/bundle/ruby/2.0.0/gems/railties-3.2.13/lib/rails/rack/logger.rb:16:in `block in call'
  vendor/bundle/ruby/2.0.0/gems/activesupport-3.2.13/lib/active_support/tagged_logging.rb:22:in `tagged'
  vendor/bundle/ruby/2.0.0/gems/railties-3.2.13/lib/rails/rack/logger.rb:16:in `call'
  vendor/bundle/ruby/2.0.0/gems/actionpack-3.2.13/lib/action_dispatch/middleware/request_id.rb:22:in `call'
  vendor/bundle/ruby/2.0.0/gems/rack-1.4.5/lib/rack/methodoverride.rb:21:in `call'
  vendor/bundle/ruby/2.0.0/gems/rack-1.4.5/lib/rack/runtime.rb:17:in `call'
  vendor/bundle/ruby/2.0.0/gems/activesupport-3.2.13/lib/active_support/cache/strategy/local_cache.rb:72:in `call'
  vendor/bundle/ruby/2.0.0/gems/rack-1.4.5/lib/rack/lock.rb:15:in `call'
  vendor/bundle/ruby/2.0.0/gems/rack-cache-1.2/lib/rack/cache/context.rb:136:in `forward'
  vendor/bundle/ruby/2.0.0/gems/rack-cache-1.2/lib/rack/cache/context.rb:245:in `fetch'
  vendor/bundle/ruby/2.0.0/gems/rack-cache-1.2/lib/rack/cache/context.rb:185:in `lookup'
  vendor/bundle/ruby/2.0.0/gems/rack-cache-1.2/lib/rack/cache/context.rb:66:in `call!'
  vendor/bundle/ruby/2.0.0/gems/rack-cache-1.2/lib/rack/cache/context.rb:51:in `call'
  vendor/bundle/ruby/2.0.0/gems/railties-3.2.13/lib/rails/engine.rb:479:in `call'
  vendor/bundle/ruby/2.0.0/gems/railties-3.2.13/lib/rails/application.rb:223:in `call'
  vendor/bundle/ruby/2.0.0/gems/rack-1.4.5/lib/rack/content_length.rb:14:in `call'
  vendor/bundle/ruby/2.0.0/gems/railties-3.2.13/lib/rails/rack/log_tailer.rb:17:in `call'
  vendor/bundle/ruby/2.0.0/gems/rack-1.4.5/lib/rack/handler/webrick.rb:59:in `service'
  /usr/local/rvm/rubies/ruby-2.0.0-p353/lib/ruby/2.0.0/webrick/httpserver.rb:138:in `service'
  /usr/local/rvm/rubies/ruby-2.0.0-p353/lib/ruby/2.0.0/webrick/httpserver.rb:94:in `run'
  /usr/local/rvm/rubies/ruby-2.0.0-p353/lib/ruby/2.0.0/webrick/server.rb:295:in `block in start_thread'


Started GET "/" for 184.75.214.82 at 2014-01-27 08:05:29 +0000

ArgumentError (A secret is required to generate an integrity hash for cookie session data. Use config.secret_token = "some secret phrase of at least 30 characters"in config/initializers/secret_token.rb):
  vendor/bundle/ruby/2.0.0/gems/actionpack-3.2.13/lib/action_dispatch/middleware/cookies.rb:319:in `ensure_secret_secure'
  vendor/bundle/ruby/2.0.0/gems/actionpack-3.2.13/lib/action_dispatch/middleware/cookies.rb:284:in `initialize'
  vendor/bundle/ruby/2.0.0/gems/actionpack-3.2.13/lib/action_dispatch/middleware/cookies.rb:231:in `new'
  vendor/bundle/ruby/2.0.0/gems/actionpack-3.2.13/lib/action_dispatch/middleware/cookies.rb:231:in `signed'
  vendor/bundle/ruby/2.0.0/gems/actionpack-3.2.13/lib/action_dispatch/middleware/session/cookie_store.rb:50:in `block in unpacked_cookie_data'
  vendor/bundle/ruby/2.0.0/gems/actionpack-3.2.13/lib/action_dispatch/middleware/session/abstract_store.rb:57:in `stale_session_check!'
  vendor/bundle/ruby/2.0.0/gems/actionpack-3.2.13/lib/action_dispatch/middleware/session/cookie_store.rb:48:in `unpacked_cookie_data'
  vendor/bundle/ruby/2.0.0/gems/rack-1.4.5/lib/rack/session/cookie.rb:107:in `extract_session_id'
  vendor/bundle/ruby/2.0.0/gems/actionpack-3.2.13/lib/action_dispatch/middleware/session/abstract_store.rb:53:in `block in extract_session_id'
  vendor/bundle/ruby/2.0.0/gems/actionpack-3.2.13/lib/action_dispatch/middleware/session/abstract_store.rb:57:in `stale_session_check!'
  vendor/bundle/ruby/2.0.0/gems/actionpack-3.2.13/lib/action_dispatch/middleware/session/abstract_store.rb:53:in `extract_session_id'
  vendor/bundle/ruby/2.0.0/gems/rack-1.4.5/lib/rack/session/abstract/id.rb:43:in `load_session_id!'
  vendor/bundle/ruby/2.0.0/gems/rack-1.4.5/lib/rack/session/abstract/id.rb:32:in `[]'
  vendor/bundle/ruby/2.0.0/gems/rack-1.4.5/lib/rack/session/abstract/id.rb:267:in `current_session_id'
  vendor/bundle/ruby/2.0.0/gems/rack-1.4.5/lib/rack/session/abstract/id.rb:273:in `session_exists?'
  vendor/bundle/ruby/2.0.0/gems/rack-1.4.5/lib/rack/session/abstract/id.rb:107:in `exists?'
  vendor/bundle/ruby/2.0.0/gems/rack-1.4.5/lib/rack/session/abstract/id.rb:127:in `load_for_read!'
  vendor/bundle/ruby/2.0.0/gems/rack-1.4.5/lib/rack/session/abstract/id.rb:64:in `has_key?'
  vendor/bundle/ruby/2.0.0/gems/actionpack-3.2.13/lib/action_dispatch/middleware/flash.rb:258:in `ensure in call'
  vendor/bundle/ruby/2.0.0/gems/actionpack-3.2.13/lib/action_dispatch/middleware/flash.rb:259:in `call'
  vendor/bundle/ruby/2.0.0/gems/rack-1.4.5/lib/rack/session/abstract/id.rb:210:in `context'
  vendor/bundle/ruby/2.0.0/gems/rack-1.4.5/lib/rack/session/abstract/id.rb:205:in `call'
  vendor/bundle/ruby/2.0.0/gems/actionpack-3.2.13/lib/action_dispatch/middleware/cookies.rb:341:in `call'
  vendor/bundle/ruby/2.0.0/gems/activerecord-3.2.13/lib/active_record/query_cache.rb:64:in `call'
  vendor/bundle/ruby/2.0.0/gems/activerecord-3.2.13/lib/active_record/connection_adapters/abstract/connection_pool.rb:479:in `call'
  vendor/bundle/ruby/2.0.0/gems/actionpack-3.2.13/lib/action_dispatch/middleware/callbacks.rb:28:in `block in call'
  vendor/bundle/ruby/2.0.0/gems/activesupport-3.2.13/lib/active_support/callbacks.rb:405:in `_run__3603703684179661609__call__4427883469149677253__callbacks'
  vendor/bundle/ruby/2.0.0/gems/activesupport-3.2.13/lib/active_support/callbacks.rb:405:in `__run_callback'
  vendor/bundle/ruby/2.0.0/gems/activesupport-3.2.13/lib/active_support/callbacks.rb:385:in `_run_call_callbacks'
  vendor/bundle/ruby/2.0.0/gems/activesupport-3.2.13/lib/active_support/callbacks.rb:81:in `run_callbacks'
  vendor/bundle/ruby/2.0.0/gems/actionpack-3.2.13/lib/action_dispatch/middleware/callbacks.rb:27:in `call'
  vendor/bundle/ruby/2.0.0/gems/actionpack-3.2.13/lib/action_dispatch/middleware/remote_ip.rb:31:in `call'
  vendor/bundle/ruby/2.0.0/gems/actionpack-3.2.13/lib/action_dispatch/middleware/debug_exceptions.rb:16:in `call'
  vendor/bundle/ruby/2.0.0/gems/actionpack-3.2.13/lib/action_dispatch/middleware/show_exceptions.rb:56:in `call'
  vendor/bundle/ruby/2.0.0/gems/railties-3.2.13/lib/rails/rack/logger.rb:32:in `call_app'
  vendor/bundle/ruby/2.0.0/gems/railties-3.2.13/lib/rails/rack/logger.rb:16:in `block in call'
  vendor/bundle/ruby/2.0.0/gems/activesupport-3.2.13/lib/active_support/tagged_logging.rb:22:in `tagged'
  vendor/bundle/ruby/2.0.0/gems/railties-3.2.13/lib/rails/rack/logger.rb:16:in `call'
  vendor/bundle/ruby/2.0.0/gems/actionpack-3.2.13/lib/action_dispatch/middleware/request_id.rb:22:in `call'
  vendor/bundle/ruby/2.0.0/gems/rack-1.4.5/lib/rack/methodoverride.rb:21:in `call'
  vendor/bundle/ruby/2.0.0/gems/rack-1.4.5/lib/rack/runtime.rb:17:in `call'
  vendor/bundle/ruby/2.0.0/gems/activesupport-3.2.13/lib/active_support/cache/strategy/local_cache.rb:72:in `call'
  vendor/bundle/ruby/2.0.0/gems/rack-1.4.5/lib/rack/lock.rb:15:in `call'
  vendor/bundle/ruby/2.0.0/gems/rack-cache-1.2/lib/rack/cache/context.rb:136:in `forward'
  vendor/bundle/ruby/2.0.0/gems/rack-cache-1.2/lib/rack/cache/context.rb:245:in `fetch'
  vendor/bundle/ruby/2.0.0/gems/rack-cache-1.2/lib/rack/cache/context.rb:185:in `lookup'
  vendor/bundle/ruby/2.0.0/gems/rack-cache-1.2/lib/rack/cache/context.rb:66:in `call!'
  vendor/bundle/ruby/2.0.0/gems/rack-cache-1.2/lib/rack/cache/context.rb:51:in `call'
  vendor/bundle/ruby/2.0.0/gems/railties-3.2.13/lib/rails/engine.rb:479:in `call'
  vendor/bundle/ruby/2.0.0/gems/railties-3.2.13/lib/rails/application.rb:223:in `call'
  vendor/bundle/ruby/2.0.0/gems/rack-1.4.5/lib/rack/content_length.rb:14:in `call'
  vendor/bundle/ruby/2.0.0/gems/railties-3.2.13/lib/rails/rack/log_tailer.rb:17:in `call'
  vendor/bundle/ruby/2.0.0/gems/rack-1.4.5/lib/rack/handler/webrick.rb:59:in `service'
  /usr/local/rvm/rubies/ruby-2.0.0-p353/lib/ruby/2.0.0/webrick/httpserver.rb:138:in `service'
  /usr/local/rvm/rubies/ruby-2.0.0-p353/lib/ruby/2.0.0/webrick/httpserver.rb:94:in `run'
  /usr/local/rvm/rubies/ruby-2.0.0-p353/lib/ruby/2.0.0/webrick/server.rb:295:in `block in start_thread'


Started GET "/favicon.ico" for 184.75.214.82 at 2014-01-27 08:05:30 +0000

ArgumentError (A secret is required to generate an integrity hash for cookie session data. Use config.secret_token = "some secret phrase of at least 30 characters"in config/initializers/secret_token.rb):
  vendor/bundle/ruby/2.0.0/gems/actionpack-3.2.13/lib/action_dispatch/middleware/cookies.rb:319:in `ensure_secret_secure'
  vendor/bundle/ruby/2.0.0/gems/actionpack-3.2.13/lib/action_dispatch/middleware/cookies.rb:284:in `initialize'
  vendor/bundle/ruby/2.0.0/gems/actionpack-3.2.13/lib/action_dispatch/middleware/cookies.rb:231:in `new'
  vendor/bundle/ruby/2.0.0/gems/actionpack-3.2.13/lib/action_dispatch/middleware/cookies.rb:231:in `signed'
  vendor/bundle/ruby/2.0.0/gems/actionpack-3.2.13/lib/action_dispatch/middleware/session/cookie_store.rb:50:in `block in unpacked_cookie_data'
  vendor/bundle/ruby/2.0.0/gems/actionpack-3.2.13/lib/action_dispatch/middleware/session/abstract_store.rb:57:in `stale_session_check!'
  vendor/bundle/ruby/2.0.0/gems/actionpack-3.2.13/lib/action_dispatch/middleware/session/cookie_store.rb:48:in `unpacked_cookie_data'
  vendor/bundle/ruby/2.0.0/gems/rack-1.4.5/lib/rack/session/cookie.rb:107:in `extract_session_id'
  vendor/bundle/ruby/2.0.0/gems/actionpack-3.2.13/lib/action_dispatch/middleware/session/abstract_store.rb:53:in `block in extract_session_id'
  vendor/bundle/ruby/2.0.0/gems/actionpack-3.2.13/lib/action_dispatch/middleware/session/abstract_store.rb:57:in `stale_session_check!'
  vendor/bundle/ruby/2.0.0/gems/actionpack-3.2.13/lib/action_dispatch/middleware/session/abstract_store.rb:53:in `extract_session_id'
  vendor/bundle/ruby/2.0.0/gems/rack-1.4.5/lib/rack/session/abstract/id.rb:43:in `load_session_id!'
  vendor/bundle/ruby/2.0.0/gems/rack-1.4.5/lib/rack/session/abstract/id.rb:32:in `[]'
  vendor/bundle/ruby/2.0.0/gems/rack-1.4.5/lib/rack/session/abstract/id.rb:267:in `current_session_id'
  vendor/bundle/ruby/2.0.0/gems/rack-1.4.5/lib/rack/session/abstract/id.rb:273:in `session_exists?'
  vendor/bundle/ruby/2.0.0/gems/rack-1.4.5/lib/rack/session/abstract/id.rb:107:in `exists?'
  vendor/bundle/ruby/2.0.0/gems/rack-1.4.5/lib/rack/session/abstract/id.rb:127:in `load_for_read!'
  vendor/bundle/ruby/2.0.0/gems/rack-1.4.5/lib/rack/session/abstract/id.rb:64:in `has_key?'
  vendor/bundle/ruby/2.0.0/gems/actionpack-3.2.13/lib/action_dispatch/middleware/flash.rb:258:in `ensure in call'
  vendor/bundle/ruby/2.0.0/gems/actionpack-3.2.13/lib/action_dispatch/middleware/flash.rb:259:in `call'
  vendor/bundle/ruby/2.0.0/gems/rack-1.4.5/lib/rack/session/abstract/id.rb:210:in `context'
  vendor/bundle/ruby/2.0.0/gems/rack-1.4.5/lib/rack/session/abstract/id.rb:205:in `call'
  vendor/bundle/ruby/2.0.0/gems/actionpack-3.2.13/lib/action_dispatch/middleware/cookies.rb:341:in `call'
  vendor/bundle/ruby/2.0.0/gems/activerecord-3.2.13/lib/active_record/query_cache.rb:64:in `call'
  vendor/bundle/ruby/2.0.0/gems/activerecord-3.2.13/lib/active_record/connection_adapters/abstract/connection_pool.rb:479:in `call'
  vendor/bundle/ruby/2.0.0/gems/actionpack-3.2.13/lib/action_dispatch/middleware/callbacks.rb:28:in `block in call'
  vendor/bundle/ruby/2.0.0/gems/activesupport-3.2.13/lib/active_support/callbacks.rb:405:in `_run__3603703684179661609__call__4427883469149677253__callbacks'
  vendor/bundle/ruby/2.0.0/gems/activesupport-3.2.13/lib/active_support/callbacks.rb:405:in `__run_callback'
  vendor/bundle/ruby/2.0.0/gems/activesupport-3.2.13/lib/active_support/callbacks.rb:385:in `_run_call_callbacks'
  vendor/bundle/ruby/2.0.0/gems/activesupport-3.2.13/lib/active_support/callbacks.rb:81:in `run_callbacks'
  vendor/bundle/ruby/2.0.0/gems/actionpack-3.2.13/lib/action_dispatch/middleware/callbacks.rb:27:in `call'
  vendor/bundle/ruby/2.0.0/gems/actionpack-3.2.13/lib/action_dispatch/middleware/remote_ip.rb:31:in `call'
  vendor/bundle/ruby/2.0.0/gems/actionpack-3.2.13/lib/action_dispatch/middleware/debug_exceptions.rb:16:in `call'
  vendor/bundle/ruby/2.0.0/gems/actionpack-3.2.13/lib/action_dispatch/middleware/show_exceptions.rb:56:in `call'
  vendor/bundle/ruby/2.0.0/gems/railties-3.2.13/lib/rails/rack/logger.rb:32:in `call_app'
  vendor/bundle/ruby/2.0.0/gems/railties-3.2.13/lib/rails/rack/logger.rb:16:in `block in call'
  vendor/bundle/ruby/2.0.0/gems/activesupport-3.2.13/lib/active_support/tagged_logging.rb:22:in `tagged'
  vendor/bundle/ruby/2.0.0/gems/railties-3.2.13/lib/rails/rack/logger.rb:16:in `call'
  vendor/bundle/ruby/2.0.0/gems/actionpack-3.2.13/lib/action_dispatch/middleware/request_id.rb:22:in `call'
  vendor/bundle/ruby/2.0.0/gems/rack-1.4.5/lib/rack/methodoverride.rb:21:in `call'
  vendor/bundle/ruby/2.0.0/gems/rack-1.4.5/lib/rack/runtime.rb:17:in `call'
  vendor/bundle/ruby/2.0.0/gems/activesupport-3.2.13/lib/active_support/cache/strategy/local_cache.rb:72:in `call'
  vendor/bundle/ruby/2.0.0/gems/rack-1.4.5/lib/rack/lock.rb:15:in `call'
  vendor/bundle/ruby/2.0.0/gems/rack-cache-1.2/lib/rack/cache/context.rb:136:in `forward'
  vendor/bundle/ruby/2.0.0/gems/rack-cache-1.2/lib/rack/cache/context.rb:245:in `fetch'
  vendor/bundle/ruby/2.0.0/gems/rack-cache-1.2/lib/rack/cache/context.rb:185:in `lookup'
  vendor/bundle/ruby/2.0.0/gems/rack-cache-1.2/lib/rack/cache/context.rb:66:in `call!'
  vendor/bundle/ruby/2.0.0/gems/rack-cache-1.2/lib/rack/cache/context.rb:51:in `call'
  vendor/bundle/ruby/2.0.0/gems/railties-3.2.13/lib/rails/engine.rb:479:in `call'
  vendor/bundle/ruby/2.0.0/gems/railties-3.2.13/lib/rails/application.rb:223:in `call'
  vendor/bundle/ruby/2.0.0/gems/rack-1.4.5/lib/rack/content_length.rb:14:in `call'
  vendor/bundle/ruby/2.0.0/gems/railties-3.2.13/lib/rails/rack/log_tailer.rb:17:in `call'
  vendor/bundle/ruby/2.0.0/gems/rack-1.4.5/lib/rack/handler/webrick.rb:59:in `service'
  /usr/local/rvm/rubies/ruby-2.0.0-p353/lib/ruby/2.0.0/webrick/httpserver.rb:138:in `service'
  /usr/local/rvm/rubies/ruby-2.0.0-p353/lib/ruby/2.0.0/webrick/httpserver.rb:94:in `run'
  /usr/local/rvm/rubies/ruby-2.0.0-p353/lib/ruby/2.0.0/webrick/server.rb:295:in `block in start_thread'


Started GET "/" for 184.75.213.66 at 2014-01-27 08:06:05 +0000

ArgumentError (A secret is required to generate an integrity hash for cookie session data. Use config.secret_token = "some secret phrase of at least 30 characters"in config/initializers/secret_token.rb):
  vendor/bundle/ruby/2.0.0/gems/actionpack-3.2.13/lib/action_dispatch/middleware/cookies.rb:319:in `ensure_secret_secure'
  vendor/bundle/ruby/2.0.0/gems/actionpack-3.2.13/lib/action_dispatch/middleware/cookies.rb:284:in `initialize'
  vendor/bundle/ruby/2.0.0/gems/actionpack-3.2.13/lib/action_dispatch/middleware/cookies.rb:231:in `new'
  vendor/bundle/ruby/2.0.0/gems/actionpack-3.2.13/lib/action_dispatch/middleware/cookies.rb:231:in `signed'
  vendor/bundle/ruby/2.0.0/gems/actionpack-3.2.13/lib/action_dispatch/middleware/session/cookie_store.rb:50:in `block in unpacked_cookie_data'
  vendor/bundle/ruby/2.0.0/gems/actionpack-3.2.13/lib/action_dispatch/middleware/session/abstract_store.rb:57:in `stale_session_check!'
  vendor/bundle/ruby/2.0.0/gems/actionpack-3.2.13/lib/action_dispatch/middleware/session/cookie_store.rb:48:in `unpacked_cookie_data'
  vendor/bundle/ruby/2.0.0/gems/rack-1.4.5/lib/rack/session/cookie.rb:107:in `extract_session_id'
  vendor/bundle/ruby/2.0.0/gems/actionpack-3.2.13/lib/action_dispatch/middleware/session/abstract_store.rb:53:in `block in extract_session_id'
  vendor/bundle/ruby/2.0.0/gems/actionpack-3.2.13/lib/action_dispatch/middleware/session/abstract_store.rb:57:in `stale_session_check!'
  vendor/bundle/ruby/2.0.0/gems/actionpack-3.2.13/lib/action_dispatch/middleware/session/abstract_store.rb:53:in `extract_session_id'
  vendor/bundle/ruby/2.0.0/gems/rack-1.4.5/lib/rack/session/abstract/id.rb:43:in `load_session_id!'
  vendor/bundle/ruby/2.0.0/gems/rack-1.4.5/lib/rack/session/abstract/id.rb:32:in `[]'
  vendor/bundle/ruby/2.0.0/gems/rack-1.4.5/lib/rack/session/abstract/id.rb:267:in `current_session_id'
  vendor/bundle/ruby/2.0.0/gems/rack-1.4.5/lib/rack/session/abstract/id.rb:273:in `session_exists?'
  vendor/bundle/ruby/2.0.0/gems/rack-1.4.5/lib/rack/session/abstract/id.rb:107:in `exists?'
  vendor/bundle/ruby/2.0.0/gems/rack-1.4.5/lib/rack/session/abstract/id.rb:127:in `load_for_read!'
  vendor/bundle/ruby/2.0.0/gems/rack-1.4.5/lib/rack/session/abstract/id.rb:64:in `has_key?'
  vendor/bundle/ruby/2.0.0/gems/actionpack-3.2.13/lib/action_dispatch/middleware/flash.rb:258:in `ensure in call'
  vendor/bundle/ruby/2.0.0/gems/actionpack-3.2.13/lib/action_dispatch/middleware/flash.rb:259:in `call'
  vendor/bundle/ruby/2.0.0/gems/rack-1.4.5/lib/rack/session/abstract/id.rb:210:in `context'
  vendor/bundle/ruby/2.0.0/gems/rack-1.4.5/lib/rack/session/abstract/id.rb:205:in `call'
  vendor/bundle/ruby/2.0.0/gems/actionpack-3.2.13/lib/action_dispatch/middleware/cookies.rb:341:in `call'
  vendor/bundle/ruby/2.0.0/gems/activerecord-3.2.13/lib/active_record/query_cache.rb:64:in `call'
  vendor/bundle/ruby/2.0.0/gems/activerecord-3.2.13/lib/active_record/connection_adapters/abstract/connection_pool.rb:479:in `call'
  vendor/bundle/ruby/2.0.0/gems/actionpack-3.2.13/lib/action_dispatch/middleware/callbacks.rb:28:in `block in call'
  vendor/bundle/ruby/2.0.0/gems/activesupport-3.2.13/lib/active_support/callbacks.rb:405:in `_run__3603703684179661609__call__4427883469149677253__callbacks'
  vendor/bundle/ruby/2.0.0/gems/activesupport-3.2.13/lib/active_support/callbacks.rb:405:in `__run_callback'
  vendor/bundle/ruby/2.0.0/gems/activesupport-3.2.13/lib/active_support/callbacks.rb:385:in `_run_call_callbacks'
  vendor/bundle/ruby/2.0.0/gems/activesupport-3.2.13/lib/active_support/callbacks.rb:81:in `run_callbacks'
  vendor/bundle/ruby/2.0.0/gems/actionpack-3.2.13/lib/action_dispatch/middleware/callbacks.rb:27:in `call'
  vendor/bundle/ruby/2.0.0/gems/actionpack-3.2.13/lib/action_dispatch/middleware/remote_ip.rb:31:in `call'
  vendor/bundle/ruby/2.0.0/gems/actionpack-3.2.13/lib/action_dispatch/middleware/debug_exceptions.rb:16:in `call'
  vendor/bundle/ruby/2.0.0/gems/actionpack-3.2.13/lib/action_dispatch/middleware/show_exceptions.rb:56:in `call'
  vendor/bundle/ruby/2.0.0/gems/railties-3.2.13/lib/rails/rack/logger.rb:32:in `call_app'
  vendor/bundle/ruby/2.0.0/gems/railties-3.2.13/lib/rails/rack/logger.rb:16:in `block in call'
  vendor/bundle/ruby/2.0.0/gems/activesupport-3.2.13/lib/active_support/tagged_logging.rb:22:in `tagged'
  vendor/bundle/ruby/2.0.0/gems/railties-3.2.13/lib/rails/rack/logger.rb:16:in `call'
  vendor/bundle/ruby/2.0.0/gems/actionpack-3.2.13/lib/action_dispatch/middleware/request_id.rb:22:in `call'
  vendor/bundle/ruby/2.0.0/gems/rack-1.4.5/lib/rack/methodoverride.rb:21:in `call'
  vendor/bundle/ruby/2.0.0/gems/rack-1.4.5/lib/rack/runtime.rb:17:in `call'
  vendor/bundle/ruby/2.0.0/gems/activesupport-3.2.13/lib/active_support/cache/strategy/local_cache.rb:72:in `call'
  vendor/bundle/ruby/2.0.0/gems/rack-1.4.5/lib/rack/lock.rb:15:in `call'
  vendor/bundle/ruby/2.0.0/gems/rack-cache-1.2/lib/rack/cache/context.rb:136:in `forward'
  vendor/bundle/ruby/2.0.0/gems/rack-cache-1.2/lib/rack/cache/context.rb:245:in `fetch'
  vendor/bundle/ruby/2.0.0/gems/rack-cache-1.2/lib/rack/cache/context.rb:185:in `lookup'
  vendor/bundle/ruby/2.0.0/gems/rack-cache-1.2/lib/rack/cache/context.rb:66:in `call!'
  vendor/bundle/ruby/2.0.0/gems/rack-cache-1.2/lib/rack/cache/context.rb:51:in `call'
  vendor/bundle/ruby/2.0.0/gems/railties-3.2.13/lib/rails/engine.rb:479:in `call'
  vendor/bundle/ruby/2.0.0/gems/railties-3.2.13/lib/rails/application.rb:223:in `call'
  vendor/bundle/ruby/2.0.0/gems/rack-1.4.5/lib/rack/content_length.rb:14:in `call'
  vendor/bundle/ruby/2.0.0/gems/railties-3.2.13/lib/rails/rack/log_tailer.rb:17:in `call'
  vendor/bundle/ruby/2.0.0/gems/rack-1.4.5/lib/rack/handler/webrick.rb:59:in `service'
  /usr/local/rvm/rubies/ruby-2.0.0-p353/lib/ruby/2.0.0/webrick/httpserver.rb:138:in `service'
  /usr/local/rvm/rubies/ruby-2.0.0-p353/lib/ruby/2.0.0/webrick/httpserver.rb:94:in `run'
  /usr/local/rvm/rubies/ruby-2.0.0-p353/lib/ruby/2.0.0/webrick/server.rb:295:in `block in start_thread'


Started GET "/favicon.ico" for 184.75.213.66 at 2014-01-27 08:06:05 +0000

ArgumentError (A secret is required to generate an integrity hash for cookie session data. Use config.secret_token = "some secret phrase of at least 30 characters"in config/initializers/secret_token.rb):
  vendor/bundle/ruby/2.0.0/gems/actionpack-3.2.13/lib/action_dispatch/middleware/cookies.rb:319:in `ensure_secret_secure'
  vendor/bundle/ruby/2.0.0/gems/actionpack-3.2.13/lib/action_dispatch/middleware/cookies.rb:284:in `initialize'
  vendor/bundle/ruby/2.0.0/gems/actionpack-3.2.13/lib/action_dispatch/middleware/cookies.rb:231:in `new'
  vendor/bundle/ruby/2.0.0/gems/actionpack-3.2.13/lib/action_dispatch/middleware/cookies.rb:231:in `signed'
  vendor/bundle/ruby/2.0.0/gems/actionpack-3.2.13/lib/action_dispatch/middleware/session/cookie_store.rb:50:in `block in unpacked_cookie_data'
  vendor/bundle/ruby/2.0.0/gems/actionpack-3.2.13/lib/action_dispatch/middleware/session/abstract_store.rb:57:in `stale_session_check!'
  vendor/bundle/ruby/2.0.0/gems/actionpack-3.2.13/lib/action_dispatch/middleware/session/cookie_store.rb:48:in `unpacked_cookie_data'
  vendor/bundle/ruby/2.0.0/gems/rack-1.4.5/lib/rack/session/cookie.rb:107:in `extract_session_id'
  vendor/bundle/ruby/2.0.0/gems/actionpack-3.2.13/lib/action_dispatch/middleware/session/abstract_store.rb:53:in `block in extract_session_id'
  vendor/bundle/ruby/2.0.0/gems/actionpack-3.2.13/lib/action_dispatch/middleware/session/abstract_store.rb:57:in `stale_session_check!'
  vendor/bundle/ruby/2.0.0/gems/actionpack-3.2.13/lib/action_dispatch/middleware/session/abstract_store.rb:53:in `extract_session_id'
  vendor/bundle/ruby/2.0.0/gems/rack-1.4.5/lib/rack/session/abstract/id.rb:43:in `load_session_id!'
  vendor/bundle/ruby/2.0.0/gems/rack-1.4.5/lib/rack/session/abstract/id.rb:32:in `[]'
  vendor/bundle/ruby/2.0.0/gems/rack-1.4.5/lib/rack/session/abstract/id.rb:267:in `current_session_id'
  vendor/bundle/ruby/2.0.0/gems/rack-1.4.5/lib/rack/session/abstract/id.rb:273:in `session_exists?'
  vendor/bundle/ruby/2.0.0/gems/rack-1.4.5/lib/rack/session/abstract/id.rb:107:in `exists?'
  vendor/bundle/ruby/2.0.0/gems/rack-1.4.5/lib/rack/session/abstract/id.rb:127:in `load_for_read!'
  vendor/bundle/ruby/2.0.0/gems/rack-1.4.5/lib/rack/session/abstract/id.rb:64:in `has_key?'
  vendor/bundle/ruby/2.0.0/gems/actionpack-3.2.13/lib/action_dispatch/middleware/flash.rb:258:in `ensure in call'
  vendor/bundle/ruby/2.0.0/gems/actionpack-3.2.13/lib/action_dispatch/middleware/flash.rb:259:in `call'
  vendor/bundle/ruby/2.0.0/gems/rack-1.4.5/lib/rack/session/abstract/id.rb:210:in `context'
  vendor/bundle/ruby/2.0.0/gems/rack-1.4.5/lib/rack/session/abstract/id.rb:205:in `call'
  vendor/bundle/ruby/2.0.0/gems/actionpack-3.2.13/lib/action_dispatch/middleware/cookies.rb:341:in `call'
  vendor/bundle/ruby/2.0.0/gems/activerecord-3.2.13/lib/active_record/query_cache.rb:64:in `call'
  vendor/bundle/ruby/2.0.0/gems/activerecord-3.2.13/lib/active_record/connection_adapters/abstract/connection_pool.rb:479:in `call'
  vendor/bundle/ruby/2.0.0/gems/actionpack-3.2.13/lib/action_dispatch/middleware/callbacks.rb:28:in `block in call'
  vendor/bundle/ruby/2.0.0/gems/activesupport-3.2.13/lib/active_support/callbacks.rb:405:in `_run__3603703684179661609__call__4427883469149677253__callbacks'
  vendor/bundle/ruby/2.0.0/gems/activesupport-3.2.13/lib/active_support/callbacks.rb:405:in `__run_callback'
  vendor/bundle/ruby/2.0.0/gems/activesupport-3.2.13/lib/active_support/callbacks.rb:385:in `_run_call_callbacks'
  vendor/bundle/ruby/2.0.0/gems/activesupport-3.2.13/lib/active_support/callbacks.rb:81:in `run_callbacks'
  vendor/bundle/ruby/2.0.0/gems/actionpack-3.2.13/lib/action_dispatch/middleware/callbacks.rb:27:in `call'
  vendor/bundle/ruby/2.0.0/gems/actionpack-3.2.13/lib/action_dispatch/middleware/remote_ip.rb:31:in `call'
  vendor/bundle/ruby/2.0.0/gems/actionpack-3.2.13/lib/action_dispatch/middleware/debug_exceptions.rb:16:in `call'
  vendor/bundle/ruby/2.0.0/gems/actionpack-3.2.13/lib/action_dispatch/middleware/show_exceptions.rb:56:in `call'
  vendor/bundle/ruby/2.0.0/gems/railties-3.2.13/lib/rails/rack/logger.rb:32:in `call_app'
  vendor/bundle/ruby/2.0.0/gems/railties-3.2.13/lib/rails/rack/logger.rb:16:in `block in call'
  vendor/bundle/ruby/2.0.0/gems/activesupport-3.2.13/lib/active_support/tagged_logging.rb:22:in `tagged'
  vendor/bundle/ruby/2.0.0/gems/railties-3.2.13/lib/rails/rack/logger.rb:16:in `call'
  vendor/bundle/ruby/2.0.0/gems/actionpack-3.2.13/lib/action_dispatch/middleware/request_id.rb:22:in `call'
  vendor/bundle/ruby/2.0.0/gems/rack-1.4.5/lib/rack/methodoverride.rb:21:in `call'
  vendor/bundle/ruby/2.0.0/gems/rack-1.4.5/lib/rack/runtime.rb:17:in `call'
  vendor/bundle/ruby/2.0.0/gems/activesupport-3.2.13/lib/active_support/cache/strategy/local_cache.rb:72:in `call'
  vendor/bundle/ruby/2.0.0/gems/rack-1.4.5/lib/rack/lock.rb:15:in `call'
  vendor/bundle/ruby/2.0.0/gems/rack-cache-1.2/lib/rack/cache/context.rb:136:in `forward'
  vendor/bundle/ruby/2.0.0/gems/rack-cache-1.2/lib/rack/cache/context.rb:245:in `fetch'
  vendor/bundle/ruby/2.0.0/gems/rack-cache-1.2/lib/rack/cache/context.rb:185:in `lookup'
  vendor/bundle/ruby/2.0.0/gems/rack-cache-1.2/lib/rack/cache/context.rb:66:in `call!'
  vendor/bundle/ruby/2.0.0/gems/rack-cache-1.2/lib/rack/cache/context.rb:51:in `call'
  vendor/bundle/ruby/2.0.0/gems/railties-3.2.13/lib/rails/engine.rb:479:in `call'
  vendor/bundle/ruby/2.0.0/gems/railties-3.2.13/lib/rails/application.rb:223:in `call'
  vendor/bundle/ruby/2.0.0/gems/rack-1.4.5/lib/rack/content_length.rb:14:in `call'
  vendor/bundle/ruby/2.0.0/gems/railties-3.2.13/lib/rails/rack/log_tailer.rb:17:in `call'
  vendor/bundle/ruby/2.0.0/gems/rack-1.4.5/lib/rack/handler/webrick.rb:59:in `service'
  /usr/local/rvm/rubies/ruby-2.0.0-p353/lib/ruby/2.0.0/webrick/httpserver.rb:138:in `service'
  /usr/local/rvm/rubies/ruby-2.0.0-p353/lib/ruby/2.0.0/webrick/httpserver.rb:94:in `run'
  /usr/local/rvm/rubies/ruby-2.0.0-p353/lib/ruby/2.0.0/webrick/server.rb:295:in `block in start_thread'


Started GET "/" for 184.75.213.66 at 2014-01-27 08:06:08 +0000

ArgumentError (A secret is required to generate an integrity hash for cookie session data. Use config.secret_token = "some secret phrase of at least 30 characters"in config/initializers/secret_token.rb):
  vendor/bundle/ruby/2.0.0/gems/actionpack-3.2.13/lib/action_dispatch/middleware/cookies.rb:319:in `ensure_secret_secure'
  vendor/bundle/ruby/2.0.0/gems/actionpack-3.2.13/lib/action_dispatch/middleware/cookies.rb:284:in `initialize'
  vendor/bundle/ruby/2.0.0/gems/actionpack-3.2.13/lib/action_dispatch/middleware/cookies.rb:231:in `new'
  vendor/bundle/ruby/2.0.0/gems/actionpack-3.2.13/lib/action_dispatch/middleware/cookies.rb:231:in `signed'
  vendor/bundle/ruby/2.0.0/gems/actionpack-3.2.13/lib/action_dispatch/middleware/session/cookie_store.rb:50:in `block in unpacked_cookie_data'
  vendor/bundle/ruby/2.0.0/gems/actionpack-3.2.13/lib/action_dispatch/middleware/session/abstract_store.rb:57:in `stale_session_check!'
  vendor/bundle/ruby/2.0.0/gems/actionpack-3.2.13/lib/action_dispatch/middleware/session/cookie_store.rb:48:in `unpacked_cookie_data'
  vendor/bundle/ruby/2.0.0/gems/rack-1.4.5/lib/rack/session/cookie.rb:107:in `extract_session_id'
  vendor/bundle/ruby/2.0.0/gems/actionpack-3.2.13/lib/action_dispatch/middleware/session/abstract_store.rb:53:in `block in extract_session_id'
  vendor/bundle/ruby/2.0.0/gems/actionpack-3.2.13/lib/action_dispatch/middleware/session/abstract_store.rb:57:in `stale_session_check!'
  vendor/bundle/ruby/2.0.0/gems/actionpack-3.2.13/lib/action_dispatch/middleware/session/abstract_store.rb:53:in `extract_session_id'
  vendor/bundle/ruby/2.0.0/gems/rack-1.4.5/lib/rack/session/abstract/id.rb:43:in `load_session_id!'
  vendor/bundle/ruby/2.0.0/gems/rack-1.4.5/lib/rack/session/abstract/id.rb:32:in `[]'
  vendor/bundle/ruby/2.0.0/gems/rack-1.4.5/lib/rack/session/abstract/id.rb:267:in `current_session_id'
  vendor/bundle/ruby/2.0.0/gems/rack-1.4.5/lib/rack/session/abstract/id.rb:273:in `session_exists?'
  vendor/bundle/ruby/2.0.0/gems/rack-1.4.5/lib/rack/session/abstract/id.rb:107:in `exists?'
  vendor/bundle/ruby/2.0.0/gems/rack-1.4.5/lib/rack/session/abstract/id.rb:127:in `load_for_read!'
  vendor/bundle/ruby/2.0.0/gems/rack-1.4.5/lib/rack/session/abstract/id.rb:64:in `has_key?'
  vendor/bundle/ruby/2.0.0/gems/actionpack-3.2.13/lib/action_dispatch/middleware/flash.rb:258:in `ensure in call'
  vendor/bundle/ruby/2.0.0/gems/actionpack-3.2.13/lib/action_dispatch/middleware/flash.rb:259:in `call'
  vendor/bundle/ruby/2.0.0/gems/rack-1.4.5/lib/rack/session/abstract/id.rb:210:in `context'
  vendor/bundle/ruby/2.0.0/gems/rack-1.4.5/lib/rack/session/abstract/id.rb:205:in `call'
  vendor/bundle/ruby/2.0.0/gems/actionpack-3.2.13/lib/action_dispatch/middleware/cookies.rb:341:in `call'
  vendor/bundle/ruby/2.0.0/gems/activerecord-3.2.13/lib/active_record/query_cache.rb:64:in `call'
  vendor/bundle/ruby/2.0.0/gems/activerecord-3.2.13/lib/active_record/connection_adapters/abstract/connection_pool.rb:479:in `call'
  vendor/bundle/ruby/2.0.0/gems/actionpack-3.2.13/lib/action_dispatch/middleware/callbacks.rb:28:in `block in call'
  vendor/bundle/ruby/2.0.0/gems/activesupport-3.2.13/lib/active_support/callbacks.rb:405:in `_run__3603703684179661609__call__4427883469149677253__callbacks'
  vendor/bundle/ruby/2.0.0/gems/activesupport-3.2.13/lib/active_support/callbacks.rb:405:in `__run_callback'
  vendor/bundle/ruby/2.0.0/gems/activesupport-3.2.13/lib/active_support/callbacks.rb:385:in `_run_call_callbacks'
  vendor/bundle/ruby/2.0.0/gems/activesupport-3.2.13/lib/active_support/callbacks.rb:81:in `run_callbacks'
  vendor/bundle/ruby/2.0.0/gems/actionpack-3.2.13/lib/action_dispatch/middleware/callbacks.rb:27:in `call'
  vendor/bundle/ruby/2.0.0/gems/actionpack-3.2.13/lib/action_dispatch/middleware/remote_ip.rb:31:in `call'
  vendor/bundle/ruby/2.0.0/gems/actionpack-3.2.13/lib/action_dispatch/middleware/debug_exceptions.rb:16:in `call'
  vendor/bundle/ruby/2.0.0/gems/actionpack-3.2.13/lib/action_dispatch/middleware/show_exceptions.rb:56:in `call'
  vendor/bundle/ruby/2.0.0/gems/railties-3.2.13/lib/rails/rack/logger.rb:32:in `call_app'
  vendor/bundle/ruby/2.0.0/gems/railties-3.2.13/lib/rails/rack/logger.rb:16:in `block in call'
  vendor/bundle/ruby/2.0.0/gems/activesupport-3.2.13/lib/active_support/tagged_logging.rb:22:in `tagged'
  vendor/bundle/ruby/2.0.0/gems/railties-3.2.13/lib/rails/rack/logger.rb:16:in `call'
  vendor/bundle/ruby/2.0.0/gems/actionpack-3.2.13/lib/action_dispatch/middleware/request_id.rb:22:in `call'
  vendor/bundle/ruby/2.0.0/gems/rack-1.4.5/lib/rack/methodoverride.rb:21:in `call'
  vendor/bundle/ruby/2.0.0/gems/rack-1.4.5/lib/rack/runtime.rb:17:in `call'
  vendor/bundle/ruby/2.0.0/gems/activesupport-3.2.13/lib/active_support/cache/strategy/local_cache.rb:72:in `call'
  vendor/bundle/ruby/2.0.0/gems/rack-1.4.5/lib/rack/lock.rb:15:in `call'
  vendor/bundle/ruby/2.0.0/gems/rack-cache-1.2/lib/rack/cache/context.rb:136:in `forward'
  vendor/bundle/ruby/2.0.0/gems/rack-cache-1.2/lib/rack/cache/context.rb:245:in `fetch'
  vendor/bundle/ruby/2.0.0/gems/rack-cache-1.2/lib/rack/cache/context.rb:185:in `lookup'
  vendor/bundle/ruby/2.0.0/gems/rack-cache-1.2/lib/rack/cache/context.rb:66:in `call!'
  vendor/bundle/ruby/2.0.0/gems/rack-cache-1.2/lib/rack/cache/context.rb:51:in `call'
  vendor/bundle/ruby/2.0.0/gems/railties-3.2.13/lib/rails/engine.rb:479:in `call'
  vendor/bundle/ruby/2.0.0/gems/railties-3.2.13/lib/rails/application.rb:223:in `call'
  vendor/bundle/ruby/2.0.0/gems/rack-1.4.5/lib/rack/content_length.rb:14:in `call'
  vendor/bundle/ruby/2.0.0/gems/railties-3.2.13/lib/rails/rack/log_tailer.rb:17:in `call'
  vendor/bundle/ruby/2.0.0/gems/rack-1.4.5/lib/rack/handler/webrick.rb:59:in `service'
  /usr/local/rvm/rubies/ruby-2.0.0-p353/lib/ruby/2.0.0/webrick/httpserver.rb:138:in `service'
  /usr/local/rvm/rubies/ruby-2.0.0-p353/lib/ruby/2.0.0/webrick/httpserver.rb:94:in `run'
  /usr/local/rvm/rubies/ruby-2.0.0-p353/lib/ruby/2.0.0/webrick/server.rb:295:in `block in start_thread'


Started GET "/favicon.ico" for 184.75.213.66 at 2014-01-27 08:06:08 +0000

ArgumentError (A secret is required to generate an integrity hash for cookie session data. Use config.secret_token = "some secret phrase of at least 30 characters"in config/initializers/secret_token.rb):
  vendor/bundle/ruby/2.0.0/gems/actionpack-3.2.13/lib/action_dispatch/middleware/cookies.rb:319:in `ensure_secret_secure'
  vendor/bundle/ruby/2.0.0/gems/actionpack-3.2.13/lib/action_dispatch/middleware/cookies.rb:284:in `initialize'
  vendor/bundle/ruby/2.0.0/gems/actionpack-3.2.13/lib/action_dispatch/middleware/cookies.rb:231:in `new'
  vendor/bundle/ruby/2.0.0/gems/actionpack-3.2.13/lib/action_dispatch/middleware/cookies.rb:231:in `signed'
  vendor/bundle/ruby/2.0.0/gems/actionpack-3.2.13/lib/action_dispatch/middleware/session/cookie_store.rb:50:in `block in unpacked_cookie_data'
  vendor/bundle/ruby/2.0.0/gems/actionpack-3.2.13/lib/action_dispatch/middleware/session/abstract_store.rb:57:in `stale_session_check!'
  vendor/bundle/ruby/2.0.0/gems/actionpack-3.2.13/lib/action_dispatch/middleware/session/cookie_store.rb:48:in `unpacked_cookie_data'
  vendor/bundle/ruby/2.0.0/gems/rack-1.4.5/lib/rack/session/cookie.rb:107:in `extract_session_id'
  vendor/bundle/ruby/2.0.0/gems/actionpack-3.2.13/lib/action_dispatch/middleware/session/abstract_store.rb:53:in `block in extract_session_id'
  vendor/bundle/ruby/2.0.0/gems/actionpack-3.2.13/lib/action_dispatch/middleware/session/abstract_store.rb:57:in `stale_session_check!'
  vendor/bundle/ruby/2.0.0/gems/actionpack-3.2.13/lib/action_dispatch/middleware/session/abstract_store.rb:53:in `extract_session_id'
  vendor/bundle/ruby/2.0.0/gems/rack-1.4.5/lib/rack/session/abstract/id.rb:43:in `load_session_id!'
  vendor/bundle/ruby/2.0.0/gems/rack-1.4.5/lib/rack/session/abstract/id.rb:32:in `[]'
  vendor/bundle/ruby/2.0.0/gems/rack-1.4.5/lib/rack/session/abstract/id.rb:267:in `current_session_id'
  vendor/bundle/ruby/2.0.0/gems/rack-1.4.5/lib/rack/session/abstract/id.rb:273:in `session_exists?'
  vendor/bundle/ruby/2.0.0/gems/rack-1.4.5/lib/rack/session/abstract/id.rb:107:in `exists?'
  vendor/bundle/ruby/2.0.0/gems/rack-1.4.5/lib/rack/session/abstract/id.rb:127:in `load_for_read!'
  vendor/bundle/ruby/2.0.0/gems/rack-1.4.5/lib/rack/session/abstract/id.rb:64:in `has_key?'
  vendor/bundle/ruby/2.0.0/gems/actionpack-3.2.13/lib/action_dispatch/middleware/flash.rb:258:in `ensure in call'
  vendor/bundle/ruby/2.0.0/gems/actionpack-3.2.13/lib/action_dispatch/middleware/flash.rb:259:in `call'
  vendor/bundle/ruby/2.0.0/gems/rack-1.4.5/lib/rack/session/abstract/id.rb:210:in `context'
  vendor/bundle/ruby/2.0.0/gems/rack-1.4.5/lib/rack/session/abstract/id.rb:205:in `call'
  vendor/bundle/ruby/2.0.0/gems/actionpack-3.2.13/lib/action_dispatch/middleware/cookies.rb:341:in `call'
  vendor/bundle/ruby/2.0.0/gems/activerecord-3.2.13/lib/active_record/query_cache.rb:64:in `call'
  vendor/bundle/ruby/2.0.0/gems/activerecord-3.2.13/lib/active_record/connection_adapters/abstract/connection_pool.rb:479:in `call'
  vendor/bundle/ruby/2.0.0/gems/actionpack-3.2.13/lib/action_dispatch/middleware/callbacks.rb:28:in `block in call'
  vendor/bundle/ruby/2.0.0/gems/activesupport-3.2.13/lib/active_support/callbacks.rb:405:in `_run__3603703684179661609__call__4427883469149677253__callbacks'
  vendor/bundle/ruby/2.0.0/gems/activesupport-3.2.13/lib/active_support/callbacks.rb:405:in `__run_callback'
  vendor/bundle/ruby/2.0.0/gems/activesupport-3.2.13/lib/active_support/callbacks.rb:385:in `_run_call_callbacks'
  vendor/bundle/ruby/2.0.0/gems/activesupport-3.2.13/lib/active_support/callbacks.rb:81:in `run_callbacks'
  vendor/bundle/ruby/2.0.0/gems/actionpack-3.2.13/lib/action_dispatch/middleware/callbacks.rb:27:in `call'
  vendor/bundle/ruby/2.0.0/gems/actionpack-3.2.13/lib/action_dispatch/middleware/remote_ip.rb:31:in `call'
  vendor/bundle/ruby/2.0.0/gems/actionpack-3.2.13/lib/action_dispatch/middleware/debug_exceptions.rb:16:in `call'
  vendor/bundle/ruby/2.0.0/gems/actionpack-3.2.13/lib/action_dispatch/middleware/show_exceptions.rb:56:in `call'
  vendor/bundle/ruby/2.0.0/gems/railties-3.2.13/lib/rails/rack/logger.rb:32:in `call_app'
  vendor/bundle/ruby/2.0.0/gems/railties-3.2.13/lib/rails/rack/logger.rb:16:in `block in call'
  vendor/bundle/ruby/2.0.0/gems/activesupport-3.2.13/lib/active_support/tagged_logging.rb:22:in `tagged'
  vendor/bundle/ruby/2.0.0/gems/railties-3.2.13/lib/rails/rack/logger.rb:16:in `call'
  vendor/bundle/ruby/2.0.0/gems/actionpack-3.2.13/lib/action_dispatch/middleware/request_id.rb:22:in `call'
  vendor/bundle/ruby/2.0.0/gems/rack-1.4.5/lib/rack/methodoverride.rb:21:in `call'
  vendor/bundle/ruby/2.0.0/gems/rack-1.4.5/lib/rack/runtime.rb:17:in `call'
  vendor/bundle/ruby/2.0.0/gems/activesupport-3.2.13/lib/active_support/cache/strategy/local_cache.rb:72:in `call'
  vendor/bundle/ruby/2.0.0/gems/rack-1.4.5/lib/rack/lock.rb:15:in `call'
  vendor/bundle/ruby/2.0.0/gems/rack-cache-1.2/lib/rack/cache/context.rb:136:in `forward'
  vendor/bundle/ruby/2.0.0/gems/rack-cache-1.2/lib/rack/cache/context.rb:245:in `fetch'
  vendor/bundle/ruby/2.0.0/gems/rack-cache-1.2/lib/rack/cache/context.rb:185:in `lookup'
  vendor/bundle/ruby/2.0.0/gems/rack-cache-1.2/lib/rack/cache/context.rb:66:in `call!'
  vendor/bundle/ruby/2.0.0/gems/rack-cache-1.2/lib/rack/cache/context.rb:51:in `call'
  vendor/bundle/ruby/2.0.0/gems/railties-3.2.13/lib/rails/engine.rb:479:in `call'
  vendor/bundle/ruby/2.0.0/gems/railties-3.2.13/lib/rails/application.rb:223:in `call'
  vendor/bundle/ruby/2.0.0/gems/rack-1.4.5/lib/rack/content_length.rb:14:in `call'
  vendor/bundle/ruby/2.0.0/gems/railties-3.2.13/lib/rails/rack/log_tailer.rb:17:in `call'
  vendor/bundle/ruby/2.0.0/gems/rack-1.4.5/lib/rack/handler/webrick.rb:59:in `service'
  /usr/local/rvm/rubies/ruby-2.0.0-p353/lib/ruby/2.0.0/webrick/httpserver.rb:138:in `service'
  /usr/local/rvm/rubies/ruby-2.0.0-p353/lib/ruby/2.0.0/webrick/httpserver.rb:94:in `run'
  /usr/local/rvm/rubies/ruby-2.0.0-p353/lib/ruby/2.0.0/webrick/server.rb:295:in `block in start_thread'


Started GET "/" for 184.75.213.66 at 2014-01-27 08:06:18 +0000

ArgumentError (A secret is required to generate an integrity hash for cookie session data. Use config.secret_token = "some secret phrase of at least 30 characters"in config/initializers/secret_token.rb):
  vendor/bundle/ruby/2.0.0/gems/actionpack-3.2.13/lib/action_dispatch/middleware/cookies.rb:319:in `ensure_secret_secure'
  vendor/bundle/ruby/2.0.0/gems/actionpack-3.2.13/lib/action_dispatch/middleware/cookies.rb:284:in `initialize'
  vendor/bundle/ruby/2.0.0/gems/actionpack-3.2.13/lib/action_dispatch/middleware/cookies.rb:231:in `new'
  vendor/bundle/ruby/2.0.0/gems/actionpack-3.2.13/lib/action_dispatch/middleware/cookies.rb:231:in `signed'
  vendor/bundle/ruby/2.0.0/gems/actionpack-3.2.13/lib/action_dispatch/middleware/session/cookie_store.rb:50:in `block in unpacked_cookie_data'
  vendor/bundle/ruby/2.0.0/gems/actionpack-3.2.13/lib/action_dispatch/middleware/session/abstract_store.rb:57:in `stale_session_check!'
  vendor/bundle/ruby/2.0.0/gems/actionpack-3.2.13/lib/action_dispatch/middleware/session/cookie_store.rb:48:in `unpacked_cookie_data'
  vendor/bundle/ruby/2.0.0/gems/rack-1.4.5/lib/rack/session/cookie.rb:107:in `extract_session_id'
  vendor/bundle/ruby/2.0.0/gems/actionpack-3.2.13/lib/action_dispatch/middleware/session/abstract_store.rb:53:in `block in extract_session_id'
  vendor/bundle/ruby/2.0.0/gems/actionpack-3.2.13/lib/action_dispatch/middleware/session/abstract_store.rb:57:in `stale_session_check!'
  vendor/bundle/ruby/2.0.0/gems/actionpack-3.2.13/lib/action_dispatch/middleware/session/abstract_store.rb:53:in `extract_session_id'
  vendor/bundle/ruby/2.0.0/gems/rack-1.4.5/lib/rack/session/abstract/id.rb:43:in `load_session_id!'
  vendor/bundle/ruby/2.0.0/gems/rack-1.4.5/lib/rack/session/abstract/id.rb:32:in `[]'
  vendor/bundle/ruby/2.0.0/gems/rack-1.4.5/lib/rack/session/abstract/id.rb:267:in `current_session_id'
  vendor/bundle/ruby/2.0.0/gems/rack-1.4.5/lib/rack/session/abstract/id.rb:273:in `session_exists?'
  vendor/bundle/ruby/2.0.0/gems/rack-1.4.5/lib/rack/session/abstract/id.rb:107:in `exists?'
  vendor/bundle/ruby/2.0.0/gems/rack-1.4.5/lib/rack/session/abstract/id.rb:127:in `load_for_read!'
  vendor/bundle/ruby/2.0.0/gems/rack-1.4.5/lib/rack/session/abstract/id.rb:64:in `has_key?'
  vendor/bundle/ruby/2.0.0/gems/actionpack-3.2.13/lib/action_dispatch/middleware/flash.rb:258:in `ensure in call'
  vendor/bundle/ruby/2.0.0/gems/actionpack-3.2.13/lib/action_dispatch/middleware/flash.rb:259:in `call'
  vendor/bundle/ruby/2.0.0/gems/rack-1.4.5/lib/rack/session/abstract/id.rb:210:in `context'
  vendor/bundle/ruby/2.0.0/gems/rack-1.4.5/lib/rack/session/abstract/id.rb:205:in `call'
  vendor/bundle/ruby/2.0.0/gems/actionpack-3.2.13/lib/action_dispatch/middleware/cookies.rb:341:in `call'
  vendor/bundle/ruby/2.0.0/gems/activerecord-3.2.13/lib/active_record/query_cache.rb:64:in `call'
  vendor/bundle/ruby/2.0.0/gems/activerecord-3.2.13/lib/active_record/connection_adapters/abstract/connection_pool.rb:479:in `call'
  vendor/bundle/ruby/2.0.0/gems/actionpack-3.2.13/lib/action_dispatch/middleware/callbacks.rb:28:in `block in call'
  vendor/bundle/ruby/2.0.0/gems/activesupport-3.2.13/lib/active_support/callbacks.rb:405:in `_run__3603703684179661609__call__4427883469149677253__callbacks'
  vendor/bundle/ruby/2.0.0/gems/activesupport-3.2.13/lib/active_support/callbacks.rb:405:in `__run_callback'
  vendor/bundle/ruby/2.0.0/gems/activesupport-3.2.13/lib/active_support/callbacks.rb:385:in `_run_call_callbacks'
  vendor/bundle/ruby/2.0.0/gems/activesupport-3.2.13/lib/active_support/callbacks.rb:81:in `run_callbacks'
  vendor/bundle/ruby/2.0.0/gems/actionpack-3.2.13/lib/action_dispatch/middleware/callbacks.rb:27:in `call'
  vendor/bundle/ruby/2.0.0/gems/actionpack-3.2.13/lib/action_dispatch/middleware/remote_ip.rb:31:in `call'
  vendor/bundle/ruby/2.0.0/gems/actionpack-3.2.13/lib/action_dispatch/middleware/debug_exceptions.rb:16:in `call'
  vendor/bundle/ruby/2.0.0/gems/actionpack-3.2.13/lib/action_dispatch/middleware/show_exceptions.rb:56:in `call'
  vendor/bundle/ruby/2.0.0/gems/railties-3.2.13/lib/rails/rack/logger.rb:32:in `call_app'
  vendor/bundle/ruby/2.0.0/gems/railties-3.2.13/lib/rails/rack/logger.rb:16:in `block in call'
  vendor/bundle/ruby/2.0.0/gems/activesupport-3.2.13/lib/active_support/tagged_logging.rb:22:in `tagged'
  vendor/bundle/ruby/2.0.0/gems/railties-3.2.13/lib/rails/rack/logger.rb:16:in `call'
  vendor/bundle/ruby/2.0.0/gems/actionpack-3.2.13/lib/action_dispatch/middleware/request_id.rb:22:in `call'
  vendor/bundle/ruby/2.0.0/gems/rack-1.4.5/lib/rack/methodoverride.rb:21:in `call'
  vendor/bundle/ruby/2.0.0/gems/rack-1.4.5/lib/rack/runtime.rb:17:in `call'
  vendor/bundle/ruby/2.0.0/gems/activesupport-3.2.13/lib/active_support/cache/strategy/local_cache.rb:72:in `call'
  vendor/bundle/ruby/2.0.0/gems/rack-1.4.5/lib/rack/lock.rb:15:in `call'
  vendor/bundle/ruby/2.0.0/gems/rack-cache-1.2/lib/rack/cache/context.rb:136:in `forward'
  vendor/bundle/ruby/2.0.0/gems/rack-cache-1.2/lib/rack/cache/context.rb:245:in `fetch'
  vendor/bundle/ruby/2.0.0/gems/rack-cache-1.2/lib/rack/cache/context.rb:185:in `lookup'
  vendor/bundle/ruby/2.0.0/gems/rack-cache-1.2/lib/rack/cache/context.rb:66:in `call!'
  vendor/bundle/ruby/2.0.0/gems/rack-cache-1.2/lib/rack/cache/context.rb:51:in `call'
  vendor/bundle/ruby/2.0.0/gems/railties-3.2.13/lib/rails/engine.rb:479:in `call'
  vendor/bundle/ruby/2.0.0/gems/railties-3.2.13/lib/rails/application.rb:223:in `call'
  vendor/bundle/ruby/2.0.0/gems/rack-1.4.5/lib/rack/content_length.rb:14:in `call'
  vendor/bundle/ruby/2.0.0/gems/railties-3.2.13/lib/rails/rack/log_tailer.rb:17:in `call'
  vendor/bundle/ruby/2.0.0/gems/rack-1.4.5/lib/rack/handler/webrick.rb:59:in `service'
  /usr/local/rvm/rubies/ruby-2.0.0-p353/lib/ruby/2.0.0/webrick/httpserver.rb:138:in `service'
  /usr/local/rvm/rubies/ruby-2.0.0-p353/lib/ruby/2.0.0/webrick/httpserver.rb:94:in `run'
  /usr/local/rvm/rubies/ruby-2.0.0-p353/lib/ruby/2.0.0/webrick/server.rb:295:in `block in start_thread'


Started GET "/favicon.ico" for 184.75.213.66 at 2014-01-27 08:06:18 +0000

ArgumentError (A secret is required to generate an integrity hash for cookie session data. Use config.secret_token = "some secret phrase of at least 30 characters"in config/initializers/secret_token.rb):
  vendor/bundle/ruby/2.0.0/gems/actionpack-3.2.13/lib/action_dispatch/middleware/cookies.rb:319:in `ensure_secret_secure'
  vendor/bundle/ruby/2.0.0/gems/actionpack-3.2.13/lib/action_dispatch/middleware/cookies.rb:284:in `initialize'
  vendor/bundle/ruby/2.0.0/gems/actionpack-3.2.13/lib/action_dispatch/middleware/cookies.rb:231:in `new'
  vendor/bundle/ruby/2.0.0/gems/actionpack-3.2.13/lib/action_dispatch/middleware/cookies.rb:231:in `signed'
  vendor/bundle/ruby/2.0.0/gems/actionpack-3.2.13/lib/action_dispatch/middleware/session/cookie_store.rb:50:in `block in unpacked_cookie_data'
  vendor/bundle/ruby/2.0.0/gems/actionpack-3.2.13/lib/action_dispatch/middleware/session/abstract_store.rb:57:in `stale_session_check!'
  vendor/bundle/ruby/2.0.0/gems/actionpack-3.2.13/lib/action_dispatch/middleware/session/cookie_store.rb:48:in `unpacked_cookie_data'
  vendor/bundle/ruby/2.0.0/gems/rack-1.4.5/lib/rack/session/cookie.rb:107:in `extract_session_id'
  vendor/bundle/ruby/2.0.0/gems/actionpack-3.2.13/lib/action_dispatch/middleware/session/abstract_store.rb:53:in `block in extract_session_id'
  vendor/bundle/ruby/2.0.0/gems/actionpack-3.2.13/lib/action_dispatch/middleware/session/abstract_store.rb:57:in `stale_session_check!'
  vendor/bundle/ruby/2.0.0/gems/actionpack-3.2.13/lib/action_dispatch/middleware/session/abstract_store.rb:53:in `extract_session_id'
  vendor/bundle/ruby/2.0.0/gems/rack-1.4.5/lib/rack/session/abstract/id.rb:43:in `load_session_id!'
  vendor/bundle/ruby/2.0.0/gems/rack-1.4.5/lib/rack/session/abstract/id.rb:32:in `[]'
  vendor/bundle/ruby/2.0.0/gems/rack-1.4.5/lib/rack/session/abstract/id.rb:267:in `current_session_id'
  vendor/bundle/ruby/2.0.0/gems/rack-1.4.5/lib/rack/session/abstract/id.rb:273:in `session_exists?'
  vendor/bundle/ruby/2.0.0/gems/rack-1.4.5/lib/rack/session/abstract/id.rb:107:in `exists?'
  vendor/bundle/ruby/2.0.0/gems/rack-1.4.5/lib/rack/session/abstract/id.rb:127:in `load_for_read!'
  vendor/bundle/ruby/2.0.0/gems/rack-1.4.5/lib/rack/session/abstract/id.rb:64:in `has_key?'
  vendor/bundle/ruby/2.0.0/gems/actionpack-3.2.13/lib/action_dispatch/middleware/flash.rb:258:in `ensure in call'
  vendor/bundle/ruby/2.0.0/gems/actionpack-3.2.13/lib/action_dispatch/middleware/flash.rb:259:in `call'
  vendor/bundle/ruby/2.0.0/gems/rack-1.4.5/lib/rack/session/abstract/id.rb:210:in `context'
  vendor/bundle/ruby/2.0.0/gems/rack-1.4.5/lib/rack/session/abstract/id.rb:205:in `call'
  vendor/bundle/ruby/2.0.0/gems/actionpack-3.2.13/lib/action_dispatch/middleware/cookies.rb:341:in `call'
  vendor/bundle/ruby/2.0.0/gems/activerecord-3.2.13/lib/active_record/query_cache.rb:64:in `call'
  vendor/bundle/ruby/2.0.0/gems/activerecord-3.2.13/lib/active_record/connection_adapters/abstract/connection_pool.rb:479:in `call'
  vendor/bundle/ruby/2.0.0/gems/actionpack-3.2.13/lib/action_dispatch/middleware/callbacks.rb:28:in `block in call'
  vendor/bundle/ruby/2.0.0/gems/activesupport-3.2.13/lib/active_support/callbacks.rb:405:in `_run__3603703684179661609__call__4427883469149677253__callbacks'
  vendor/bundle/ruby/2.0.0/gems/activesupport-3.2.13/lib/active_support/callbacks.rb:405:in `__run_callback'
  vendor/bundle/ruby/2.0.0/gems/activesupport-3.2.13/lib/active_support/callbacks.rb:385:in `_run_call_callbacks'
  vendor/bundle/ruby/2.0.0/gems/activesupport-3.2.13/lib/active_support/callbacks.rb:81:in `run_callbacks'
  vendor/bundle/ruby/2.0.0/gems/actionpack-3.2.13/lib/action_dispatch/middleware/callbacks.rb:27:in `call'
  vendor/bundle/ruby/2.0.0/gems/actionpack-3.2.13/lib/action_dispatch/middleware/remote_ip.rb:31:in `call'
  vendor/bundle/ruby/2.0.0/gems/actionpack-3.2.13/lib/action_dispatch/middleware/debug_exceptions.rb:16:in `call'
  vendor/bundle/ruby/2.0.0/gems/actionpack-3.2.13/lib/action_dispatch/middleware/show_exceptions.rb:56:in `call'
  vendor/bundle/ruby/2.0.0/gems/railties-3.2.13/lib/rails/rack/logger.rb:32:in `call_app'
  vendor/bundle/ruby/2.0.0/gems/railties-3.2.13/lib/rails/rack/logger.rb:16:in `block in call'
  vendor/bundle/ruby/2.0.0/gems/activesupport-3.2.13/lib/active_support/tagged_logging.rb:22:in `tagged'
  vendor/bundle/ruby/2.0.0/gems/railties-3.2.13/lib/rails/rack/logger.rb:16:in `call'
  vendor/bundle/ruby/2.0.0/gems/actionpack-3.2.13/lib/action_dispatch/middleware/request_id.rb:22:in `call'
  vendor/bundle/ruby/2.0.0/gems/rack-1.4.5/lib/rack/methodoverride.rb:21:in `call'
  vendor/bundle/ruby/2.0.0/gems/rack-1.4.5/lib/rack/runtime.rb:17:in `call'
  vendor/bundle/ruby/2.0.0/gems/activesupport-3.2.13/lib/active_support/cache/strategy/local_cache.rb:72:in `call'
  vendor/bundle/ruby/2.0.0/gems/rack-1.4.5/lib/rack/lock.rb:15:in `call'
  vendor/bundle/ruby/2.0.0/gems/rack-cache-1.2/lib/rack/cache/context.rb:136:in `forward'
  vendor/bundle/ruby/2.0.0/gems/rack-cache-1.2/lib/rack/cache/context.rb:245:in `fetch'
  vendor/bundle/ruby/2.0.0/gems/rack-cache-1.2/lib/rack/cache/context.rb:185:in `lookup'
  vendor/bundle/ruby/2.0.0/gems/rack-cache-1.2/lib/rack/cache/context.rb:66:in `call!'
  vendor/bundle/ruby/2.0.0/gems/rack-cache-1.2/lib/rack/cache/context.rb:51:in `call'
  vendor/bundle/ruby/2.0.0/gems/railties-3.2.13/lib/rails/engine.rb:479:in `call'
  vendor/bundle/ruby/2.0.0/gems/railties-3.2.13/lib/rails/application.rb:223:in `call'
  vendor/bundle/ruby/2.0.0/gems/rack-1.4.5/lib/rack/content_length.rb:14:in `call'
  vendor/bundle/ruby/2.0.0/gems/railties-3.2.13/lib/rails/rack/log_tailer.rb:17:in `call'
  vendor/bundle/ruby/2.0.0/gems/rack-1.4.5/lib/rack/handler/webrick.rb:59:in `service'
  /usr/local/rvm/rubies/ruby-2.0.0-p353/lib/ruby/2.0.0/webrick/httpserver.rb:138:in `service'
  /usr/local/rvm/rubies/ruby-2.0.0-p353/lib/ruby/2.0.0/webrick/httpserver.rb:94:in `run'
  /usr/local/rvm/rubies/ruby-2.0.0-p353/lib/ruby/2.0.0/webrick/server.rb:295:in `block in start_thread'


